2023-08-11 15:58:58,612 INFO o.a.j.u.JMeterUtils: Setting Locale to en_EN
2023-08-11 15:58:58,652 INFO o.a.j.JMeter: Loading user properties from: user.properties
2023-08-11 15:58:58,653 INFO o.a.j.JMeter: Loading system properties from: system.properties
2023-08-11 15:58:58,672 INFO o.a.j.JMeter: Copyright (c) 1998-2023 The Apache Software Foundation
2023-08-11 15:58:58,673 INFO o.a.j.JMeter: Version 5.6.2
2023-08-11 15:58:58,673 INFO o.a.j.JMeter: java.version=20.0.1
2023-08-11 15:58:58,673 INFO o.a.j.JMeter: java.vm.name=Java HotSpot(TM) 64-Bit Server VM
2023-08-11 15:58:58,673 INFO o.a.j.JMeter: os.name=Windows 11
2023-08-11 15:58:58,673 INFO o.a.j.JMeter: os.arch=amd64
2023-08-11 15:58:58,673 INFO o.a.j.JMeter: os.version=10.0
2023-08-11 15:58:58,673 INFO o.a.j.JMeter: file.encoding=UTF-8
2023-08-11 15:58:58,674 INFO o.a.j.JMeter: java.awt.headless=null
2023-08-11 15:58:58,674 INFO o.a.j.JMeter: Max memory     =1073741824
2023-08-11 15:58:58,674 INFO o.a.j.JMeter: Available Processors =8
2023-08-11 15:58:58,691 INFO o.a.j.JMeter: Default Locale=English (EN)
2023-08-11 15:58:58,691 INFO o.a.j.JMeter: JMeter  Locale=English (EN)
2023-08-11 15:58:58,691 INFO o.a.j.JMeter: JMeterHome=C:\Users\6868s\Desktop\Microservices Project 1\Microservice-01\apache-jmeter-5.6.2
2023-08-11 15:58:58,691 INFO o.a.j.JMeter: user.dir  =C:\Users\6868s\Desktop\Microservices Project 1\Microservice-01\apache-jmeter-5.6.2\bin
2023-08-11 15:58:58,692 INFO o.a.j.JMeter: PWD       =C:\Users\6868s\Desktop\Microservices Project 1\Microservice-01\apache-jmeter-5.6.2\bin
2023-08-11 15:59:03,718 INFO o.a.j.JMeter: IP: 192.168.31.1 Name: DESKTOP-KICOBIK FullName: DESKTOP-KICOBIK
2023-08-11 15:59:03,774 INFO o.a.j.JMeter: Loaded icon properties from org/apache/jmeter/images/icon.properties
2023-08-11 15:59:04,700 INFO o.a.j.JMeterGuiLauncher: Setting LAF to: com.github.weisj.darklaf.DarkLaf:com.github.weisj.darklaf.theme.DarculaTheme
